2025-07-20 10:18:46 DEBUG TestNG:82 - suiteXmlPath: "C:\Users\TEJENDRA\eclipse-workspace\OpencartV121\master.xml"
2025-07-20 10:18:54 INFO  TC001_AccountRegistrationTest:15 - ***** Starting TC001_AccountRegistrationTest  ****
2025-07-20 10:18:54 DEBUG TC001_AccountRegistrationTest:16 - This is a debug log message
2025-07-20 10:18:55 INFO  TC001_AccountRegistrationTest:21 - Clicked on MyAccount Link.. 
2025-07-20 10:18:55 INFO  TC001_AccountRegistrationTest:24 - Clicked on Register Link.. 
2025-07-20 10:18:55 INFO  TC001_AccountRegistrationTest:28 - Providing customer details...
2025-07-20 10:18:56 INFO  TC001_AccountRegistrationTest:42 - Validating expected message..
2025-07-20 10:18:57 INFO  TC001_AccountRegistrationTest:47 - Test passed
2025-07-20 10:18:57 INFO  TC001_AccountRegistrationTest:56 - ***** Finished TC001_AccountRegistrationTest *****
2025-07-20 10:19:01 DEBUG PackageRelationshipCollection:307 - Parsing relationship: /xl/_rels/workbook.xml.rels
2025-07-20 10:19:01 DEBUG PackageRelationshipCollection:307 - Parsing relationship: /xl/worksheets/_rels/sheet1.xml.rels
2025-07-20 10:19:01 DEBUG PackageRelationshipCollection:307 - Parsing relationship: /_rels/.rels
2025-07-20 10:19:02 DEBUG POIXMLFactory:65 - using default POIXMLDocumentPart for http://schemas.openxmlformats.org/officeDocument/2006/relationships/printerSettings
2025-07-20 10:19:02 DEBUG PackageRelationshipCollection:307 - Parsing relationship: /xl/_rels/workbook.xml.rels
2025-07-20 10:19:02 DEBUG PackageRelationshipCollection:307 - Parsing relationship: /xl/worksheets/_rels/sheet1.xml.rels
2025-07-20 10:19:02 DEBUG PackageRelationshipCollection:307 - Parsing relationship: /_rels/.rels
2025-07-20 10:19:02 DEBUG POIXMLFactory:65 - using default POIXMLDocumentPart for http://schemas.openxmlformats.org/officeDocument/2006/relationships/printerSettings
2025-07-20 10:19:02 DEBUG PackageRelationshipCollection:307 - Parsing relationship: /xl/_rels/workbook.xml.rels
2025-07-20 10:19:02 DEBUG PackageRelationshipCollection:307 - Parsing relationship: /xl/worksheets/_rels/sheet1.xml.rels
2025-07-20 10:19:02 DEBUG PackageRelationshipCollection:307 - Parsing relationship: /_rels/.rels
2025-07-20 10:19:02 DEBUG POIXMLFactory:65 - using default POIXMLDocumentPart for http://schemas.openxmlformats.org/officeDocument/2006/relationships/printerSettings
2025-07-20 10:19:03 DEBUG PackageRelationshipCollection:307 - Parsing relationship: /xl/_rels/workbook.xml.rels
2025-07-20 10:19:03 DEBUG PackageRelationshipCollection:307 - Parsing relationship: /xl/worksheets/_rels/sheet1.xml.rels
2025-07-20 10:19:03 DEBUG PackageRelationshipCollection:307 - Parsing relationship: /_rels/.rels
2025-07-20 10:19:03 DEBUG POIXMLFactory:65 - using default POIXMLDocumentPart for http://schemas.openxmlformats.org/officeDocument/2006/relationships/printerSettings
2025-07-20 10:19:03 DEBUG PackageRelationshipCollection:307 - Parsing relationship: /xl/_rels/workbook.xml.rels
2025-07-20 10:19:03 DEBUG PackageRelationshipCollection:307 - Parsing relationship: /xl/worksheets/_rels/sheet1.xml.rels
2025-07-20 10:19:03 DEBUG PackageRelationshipCollection:307 - Parsing relationship: /_rels/.rels
2025-07-20 10:19:03 DEBUG POIXMLFactory:65 - using default POIXMLDocumentPart for http://schemas.openxmlformats.org/officeDocument/2006/relationships/printerSettings
2025-07-20 10:19:03 DEBUG PackageRelationshipCollection:307 - Parsing relationship: /xl/_rels/workbook.xml.rels
2025-07-20 10:19:03 DEBUG PackageRelationshipCollection:307 - Parsing relationship: /xl/worksheets/_rels/sheet1.xml.rels
2025-07-20 10:19:03 DEBUG PackageRelationshipCollection:307 - Parsing relationship: /_rels/.rels
2025-07-20 10:19:03 DEBUG POIXMLFactory:65 - using default POIXMLDocumentPart for http://schemas.openxmlformats.org/officeDocument/2006/relationships/printerSettings
2025-07-20 10:19:03 DEBUG PackageRelationshipCollection:307 - Parsing relationship: /xl/_rels/workbook.xml.rels
2025-07-20 10:19:03 DEBUG PackageRelationshipCollection:307 - Parsing relationship: /xl/worksheets/_rels/sheet1.xml.rels
2025-07-20 10:19:03 DEBUG PackageRelationshipCollection:307 - Parsing relationship: /_rels/.rels
2025-07-20 10:19:03 DEBUG POIXMLFactory:65 - using default POIXMLDocumentPart for http://schemas.openxmlformats.org/officeDocument/2006/relationships/printerSettings
2025-07-20 10:19:03 DEBUG PackageRelationshipCollection:307 - Parsing relationship: /xl/_rels/workbook.xml.rels
2025-07-20 10:19:03 DEBUG PackageRelationshipCollection:307 - Parsing relationship: /xl/worksheets/_rels/sheet1.xml.rels
2025-07-20 10:19:03 DEBUG PackageRelationshipCollection:307 - Parsing relationship: /_rels/.rels
2025-07-20 10:19:03 DEBUG POIXMLFactory:65 - using default POIXMLDocumentPart for http://schemas.openxmlformats.org/officeDocument/2006/relationships/printerSettings
2025-07-20 10:19:03 DEBUG PackageRelationshipCollection:307 - Parsing relationship: /xl/_rels/workbook.xml.rels
2025-07-20 10:19:03 DEBUG PackageRelationshipCollection:307 - Parsing relationship: /xl/worksheets/_rels/sheet1.xml.rels
2025-07-20 10:19:03 DEBUG PackageRelationshipCollection:307 - Parsing relationship: /_rels/.rels
2025-07-20 10:19:03 DEBUG POIXMLFactory:65 - using default POIXMLDocumentPart for http://schemas.openxmlformats.org/officeDocument/2006/relationships/printerSettings
2025-07-20 10:19:03 DEBUG PackageRelationshipCollection:307 - Parsing relationship: /xl/_rels/workbook.xml.rels
2025-07-20 10:19:03 DEBUG PackageRelationshipCollection:307 - Parsing relationship: /xl/worksheets/_rels/sheet1.xml.rels
2025-07-20 10:19:03 DEBUG PackageRelationshipCollection:307 - Parsing relationship: /_rels/.rels
2025-07-20 10:19:03 DEBUG POIXMLFactory:65 - using default POIXMLDocumentPart for http://schemas.openxmlformats.org/officeDocument/2006/relationships/printerSettings
2025-07-20 10:19:03 DEBUG PackageRelationshipCollection:307 - Parsing relationship: /xl/_rels/workbook.xml.rels
2025-07-20 10:19:03 DEBUG PackageRelationshipCollection:307 - Parsing relationship: /xl/worksheets/_rels/sheet1.xml.rels
2025-07-20 10:19:03 DEBUG PackageRelationshipCollection:307 - Parsing relationship: /_rels/.rels
2025-07-20 10:19:03 DEBUG POIXMLFactory:65 - using default POIXMLDocumentPart for http://schemas.openxmlformats.org/officeDocument/2006/relationships/printerSettings
2025-07-20 10:19:03 DEBUG PackageRelationshipCollection:307 - Parsing relationship: /xl/_rels/workbook.xml.rels
2025-07-20 10:19:03 DEBUG PackageRelationshipCollection:307 - Parsing relationship: /xl/worksheets/_rels/sheet1.xml.rels
2025-07-20 10:19:03 DEBUG PackageRelationshipCollection:307 - Parsing relationship: /_rels/.rels
2025-07-20 10:19:03 DEBUG POIXMLFactory:65 - using default POIXMLDocumentPart for http://schemas.openxmlformats.org/officeDocument/2006/relationships/printerSettings
2025-07-20 10:19:03 DEBUG PackageRelationshipCollection:307 - Parsing relationship: /xl/_rels/workbook.xml.rels
2025-07-20 10:19:03 DEBUG PackageRelationshipCollection:307 - Parsing relationship: /xl/worksheets/_rels/sheet1.xml.rels
2025-07-20 10:19:03 DEBUG PackageRelationshipCollection:307 - Parsing relationship: /_rels/.rels
2025-07-20 10:19:03 DEBUG POIXMLFactory:65 - using default POIXMLDocumentPart for http://schemas.openxmlformats.org/officeDocument/2006/relationships/printerSettings
2025-07-20 10:19:03 DEBUG PackageRelationshipCollection:307 - Parsing relationship: /xl/_rels/workbook.xml.rels
2025-07-20 10:19:03 DEBUG PackageRelationshipCollection:307 - Parsing relationship: /xl/worksheets/_rels/sheet1.xml.rels
2025-07-20 10:19:03 DEBUG PackageRelationshipCollection:307 - Parsing relationship: /_rels/.rels
2025-07-20 10:19:03 DEBUG POIXMLFactory:65 - using default POIXMLDocumentPart for http://schemas.openxmlformats.org/officeDocument/2006/relationships/printerSettings
2025-07-20 10:19:03 DEBUG PackageRelationshipCollection:307 - Parsing relationship: /xl/_rels/workbook.xml.rels
2025-07-20 10:19:03 DEBUG PackageRelationshipCollection:307 - Parsing relationship: /xl/worksheets/_rels/sheet1.xml.rels
2025-07-20 10:19:03 DEBUG PackageRelationshipCollection:307 - Parsing relationship: /_rels/.rels
2025-07-20 10:19:03 DEBUG POIXMLFactory:65 - using default POIXMLDocumentPart for http://schemas.openxmlformats.org/officeDocument/2006/relationships/printerSettings
2025-07-20 10:19:04 DEBUG PackageRelationshipCollection:307 - Parsing relationship: /xl/_rels/workbook.xml.rels
2025-07-20 10:19:04 DEBUG PackageRelationshipCollection:307 - Parsing relationship: /xl/worksheets/_rels/sheet1.xml.rels
2025-07-20 10:19:04 DEBUG PackageRelationshipCollection:307 - Parsing relationship: /_rels/.rels
2025-07-20 10:19:04 DEBUG POIXMLFactory:65 - using default POIXMLDocumentPart for http://schemas.openxmlformats.org/officeDocument/2006/relationships/printerSettings
2025-07-20 10:19:04 DEBUG PackageRelationshipCollection:307 - Parsing relationship: /xl/_rels/workbook.xml.rels
2025-07-20 10:19:04 DEBUG PackageRelationshipCollection:307 - Parsing relationship: /xl/worksheets/_rels/sheet1.xml.rels
2025-07-20 10:19:04 DEBUG PackageRelationshipCollection:307 - Parsing relationship: /_rels/.rels
2025-07-20 10:19:04 DEBUG POIXMLFactory:65 - using default POIXMLDocumentPart for http://schemas.openxmlformats.org/officeDocument/2006/relationships/printerSettings
2025-07-20 10:19:04 INFO  TC_003_LoginDDT:26 - **** Starting TC_003_LoginDDT *****
2025-07-20 10:19:15 INFO  TC_003_LoginDDT:26 - **** Starting TC_003_LoginDDT *****
2025-07-20 10:19:17 INFO  TC_003_LoginDDT:26 - **** Starting TC_003_LoginDDT *****
2025-07-20 10:19:19 INFO  TC_003_LoginDDT:26 - **** Starting TC_003_LoginDDT *****
2025-07-20 10:19:31 INFO  TC_003_LoginDDT:76 - **** Finished TC_003_LoginDDT *****
2025-07-20 10:19:31 INFO  TC_003_LoginDDT:26 - **** Starting TC_003_LoginDDT *****
2025-07-20 10:19:32 INFO  TC_003_LoginDDT:76 - **** Finished TC_003_LoginDDT *****
2025-07-20 10:22:32 DEBUG TestNG:82 - suiteXmlPath: "C:\Users\TEJENDRA\eclipse-workspace\OpencartV121\master.xml"
2025-07-20 10:23:42 DEBUG TestNG:82 - suiteXmlPath: "C:\Users\TEJENDRA\eclipse-workspace\OpencartV121\master.xml"
2025-07-20 10:24:16 DEBUG TestNG:82 - suiteXmlPath: "C:\Users\TEJENDRA\eclipse-workspace\OpencartV121\master.xml"
2025-07-20 10:24:17 INFO  Utils:112 - [TestNG] Running:
  C:\Users\TEJENDRA\eclipse-workspace\OpencartV121\master.xml

2025-07-20 10:24:25 INFO  TC001_AccountRegistrationTest:15 - ***** Starting TC001_AccountRegistrationTest  ****
2025-07-20 10:24:25 DEBUG TC001_AccountRegistrationTest:16 - This is a debug log message
2025-07-20 10:24:25 INFO  TC001_AccountRegistrationTest:21 - Clicked on MyAccount Link.. 
2025-07-20 10:24:26 INFO  TC001_AccountRegistrationTest:24 - Clicked on Register Link.. 
2025-07-20 10:24:26 INFO  TC001_AccountRegistrationTest:28 - Providing customer details...
2025-07-20 10:24:28 INFO  TC001_AccountRegistrationTest:42 - Validating expected message..
2025-07-20 10:24:28 INFO  TC001_AccountRegistrationTest:47 - Test passed
2025-07-20 10:24:28 INFO  TC001_AccountRegistrationTest:56 - ***** Finished TC001_AccountRegistrationTest *****
2025-07-20 10:24:32 DEBUG PackageRelationshipCollection:307 - Parsing relationship: /xl/_rels/workbook.xml.rels
2025-07-20 10:24:32 DEBUG PackageRelationshipCollection:307 - Parsing relationship: /xl/worksheets/_rels/sheet1.xml.rels
2025-07-20 10:24:32 DEBUG PackageRelationshipCollection:307 - Parsing relationship: /_rels/.rels
2025-07-20 10:24:33 DEBUG POIXMLFactory:65 - using default POIXMLDocumentPart for http://schemas.openxmlformats.org/officeDocument/2006/relationships/printerSettings
2025-07-20 10:24:33 DEBUG PackageRelationshipCollection:307 - Parsing relationship: /xl/_rels/workbook.xml.rels
2025-07-20 10:24:33 DEBUG PackageRelationshipCollection:307 - Parsing relationship: /xl/worksheets/_rels/sheet1.xml.rels
2025-07-20 10:24:33 DEBUG PackageRelationshipCollection:307 - Parsing relationship: /_rels/.rels
2025-07-20 10:24:33 DEBUG POIXMLFactory:65 - using default POIXMLDocumentPart for http://schemas.openxmlformats.org/officeDocument/2006/relationships/printerSettings
2025-07-20 10:24:33 DEBUG PackageRelationshipCollection:307 - Parsing relationship: /xl/_rels/workbook.xml.rels
2025-07-20 10:24:33 DEBUG PackageRelationshipCollection:307 - Parsing relationship: /xl/worksheets/_rels/sheet1.xml.rels
2025-07-20 10:24:33 DEBUG PackageRelationshipCollection:307 - Parsing relationship: /_rels/.rels
2025-07-20 10:24:33 DEBUG POIXMLFactory:65 - using default POIXMLDocumentPart for http://schemas.openxmlformats.org/officeDocument/2006/relationships/printerSettings
2025-07-20 10:24:33 DEBUG PackageRelationshipCollection:307 - Parsing relationship: /xl/_rels/workbook.xml.rels
2025-07-20 10:24:33 DEBUG PackageRelationshipCollection:307 - Parsing relationship: /xl/worksheets/_rels/sheet1.xml.rels
2025-07-20 10:24:33 DEBUG PackageRelationshipCollection:307 - Parsing relationship: /_rels/.rels
2025-07-20 10:24:33 DEBUG POIXMLFactory:65 - using default POIXMLDocumentPart for http://schemas.openxmlformats.org/officeDocument/2006/relationships/printerSettings
2025-07-20 10:24:33 DEBUG PackageRelationshipCollection:307 - Parsing relationship: /xl/_rels/workbook.xml.rels
2025-07-20 10:24:33 DEBUG PackageRelationshipCollection:307 - Parsing relationship: /xl/worksheets/_rels/sheet1.xml.rels
2025-07-20 10:24:33 DEBUG PackageRelationshipCollection:307 - Parsing relationship: /_rels/.rels
2025-07-20 10:24:33 DEBUG POIXMLFactory:65 - using default POIXMLDocumentPart for http://schemas.openxmlformats.org/officeDocument/2006/relationships/printerSettings
2025-07-20 10:24:33 DEBUG PackageRelationshipCollection:307 - Parsing relationship: /xl/_rels/workbook.xml.rels
2025-07-20 10:24:33 DEBUG PackageRelationshipCollection:307 - Parsing relationship: /xl/worksheets/_rels/sheet1.xml.rels
2025-07-20 10:24:33 DEBUG PackageRelationshipCollection:307 - Parsing relationship: /_rels/.rels
2025-07-20 10:24:33 DEBUG POIXMLFactory:65 - using default POIXMLDocumentPart for http://schemas.openxmlformats.org/officeDocument/2006/relationships/printerSettings
2025-07-20 10:24:33 DEBUG PackageRelationshipCollection:307 - Parsing relationship: /xl/_rels/workbook.xml.rels
2025-07-20 10:24:33 DEBUG PackageRelationshipCollection:307 - Parsing relationship: /xl/worksheets/_rels/sheet1.xml.rels
2025-07-20 10:24:33 DEBUG PackageRelationshipCollection:307 - Parsing relationship: /_rels/.rels
2025-07-20 10:24:33 DEBUG POIXMLFactory:65 - using default POIXMLDocumentPart for http://schemas.openxmlformats.org/officeDocument/2006/relationships/printerSettings
2025-07-20 10:24:33 DEBUG PackageRelationshipCollection:307 - Parsing relationship: /xl/_rels/workbook.xml.rels
2025-07-20 10:24:33 DEBUG PackageRelationshipCollection:307 - Parsing relationship: /xl/worksheets/_rels/sheet1.xml.rels
2025-07-20 10:24:33 DEBUG PackageRelationshipCollection:307 - Parsing relationship: /_rels/.rels
2025-07-20 10:24:33 DEBUG POIXMLFactory:65 - using default POIXMLDocumentPart for http://schemas.openxmlformats.org/officeDocument/2006/relationships/printerSettings
2025-07-20 10:24:33 DEBUG PackageRelationshipCollection:307 - Parsing relationship: /xl/_rels/workbook.xml.rels
2025-07-20 10:24:33 DEBUG PackageRelationshipCollection:307 - Parsing relationship: /xl/worksheets/_rels/sheet1.xml.rels
2025-07-20 10:24:33 DEBUG PackageRelationshipCollection:307 - Parsing relationship: /_rels/.rels
2025-07-20 10:24:33 DEBUG POIXMLFactory:65 - using default POIXMLDocumentPart for http://schemas.openxmlformats.org/officeDocument/2006/relationships/printerSettings
2025-07-20 10:24:33 DEBUG PackageRelationshipCollection:307 - Parsing relationship: /xl/_rels/workbook.xml.rels
2025-07-20 10:24:33 DEBUG PackageRelationshipCollection:307 - Parsing relationship: /xl/worksheets/_rels/sheet1.xml.rels
2025-07-20 10:24:33 DEBUG PackageRelationshipCollection:307 - Parsing relationship: /_rels/.rels
2025-07-20 10:24:33 DEBUG POIXMLFactory:65 - using default POIXMLDocumentPart for http://schemas.openxmlformats.org/officeDocument/2006/relationships/printerSettings
2025-07-20 10:24:33 DEBUG PackageRelationshipCollection:307 - Parsing relationship: /xl/_rels/workbook.xml.rels
2025-07-20 10:24:33 DEBUG PackageRelationshipCollection:307 - Parsing relationship: /xl/worksheets/_rels/sheet1.xml.rels
2025-07-20 10:24:33 DEBUG PackageRelationshipCollection:307 - Parsing relationship: /_rels/.rels
2025-07-20 10:24:33 DEBUG POIXMLFactory:65 - using default POIXMLDocumentPart for http://schemas.openxmlformats.org/officeDocument/2006/relationships/printerSettings
2025-07-20 10:24:33 DEBUG PackageRelationshipCollection:307 - Parsing relationship: /xl/_rels/workbook.xml.rels
2025-07-20 10:24:33 DEBUG PackageRelationshipCollection:307 - Parsing relationship: /xl/worksheets/_rels/sheet1.xml.rels
2025-07-20 10:24:33 DEBUG PackageRelationshipCollection:307 - Parsing relationship: /_rels/.rels
2025-07-20 10:24:33 DEBUG POIXMLFactory:65 - using default POIXMLDocumentPart for http://schemas.openxmlformats.org/officeDocument/2006/relationships/printerSettings
2025-07-20 10:24:33 DEBUG PackageRelationshipCollection:307 - Parsing relationship: /xl/_rels/workbook.xml.rels
2025-07-20 10:24:33 DEBUG PackageRelationshipCollection:307 - Parsing relationship: /xl/worksheets/_rels/sheet1.xml.rels
2025-07-20 10:24:33 DEBUG PackageRelationshipCollection:307 - Parsing relationship: /_rels/.rels
2025-07-20 10:24:33 DEBUG POIXMLFactory:65 - using default POIXMLDocumentPart for http://schemas.openxmlformats.org/officeDocument/2006/relationships/printerSettings
2025-07-20 10:24:33 DEBUG PackageRelationshipCollection:307 - Parsing relationship: /xl/_rels/workbook.xml.rels
2025-07-20 10:24:33 DEBUG PackageRelationshipCollection:307 - Parsing relationship: /xl/worksheets/_rels/sheet1.xml.rels
2025-07-20 10:24:33 DEBUG PackageRelationshipCollection:307 - Parsing relationship: /_rels/.rels
2025-07-20 10:24:33 DEBUG POIXMLFactory:65 - using default POIXMLDocumentPart for http://schemas.openxmlformats.org/officeDocument/2006/relationships/printerSettings
2025-07-20 10:24:33 DEBUG PackageRelationshipCollection:307 - Parsing relationship: /xl/_rels/workbook.xml.rels
2025-07-20 10:24:33 DEBUG PackageRelationshipCollection:307 - Parsing relationship: /xl/worksheets/_rels/sheet1.xml.rels
2025-07-20 10:24:33 DEBUG PackageRelationshipCollection:307 - Parsing relationship: /_rels/.rels
2025-07-20 10:24:33 DEBUG POIXMLFactory:65 - using default POIXMLDocumentPart for http://schemas.openxmlformats.org/officeDocument/2006/relationships/printerSettings
2025-07-20 10:24:33 DEBUG PackageRelationshipCollection:307 - Parsing relationship: /xl/_rels/workbook.xml.rels
2025-07-20 10:24:33 DEBUG PackageRelationshipCollection:307 - Parsing relationship: /xl/worksheets/_rels/sheet1.xml.rels
2025-07-20 10:24:33 DEBUG PackageRelationshipCollection:307 - Parsing relationship: /_rels/.rels
2025-07-20 10:24:33 DEBUG POIXMLFactory:65 - using default POIXMLDocumentPart for http://schemas.openxmlformats.org/officeDocument/2006/relationships/printerSettings
2025-07-20 10:24:33 DEBUG PackageRelationshipCollection:307 - Parsing relationship: /xl/_rels/workbook.xml.rels
2025-07-20 10:24:33 DEBUG PackageRelationshipCollection:307 - Parsing relationship: /xl/worksheets/_rels/sheet1.xml.rels
2025-07-20 10:24:33 DEBUG PackageRelationshipCollection:307 - Parsing relationship: /_rels/.rels
2025-07-20 10:24:33 DEBUG POIXMLFactory:65 - using default POIXMLDocumentPart for http://schemas.openxmlformats.org/officeDocument/2006/relationships/printerSettings
2025-07-20 10:24:33 INFO  TC_003_LoginDDT:26 - **** Starting TC_003_LoginDDT *****
2025-07-20 10:24:45 INFO  TC_003_LoginDDT:26 - **** Starting TC_003_LoginDDT *****
2025-07-20 10:24:48 INFO  TC_003_LoginDDT:26 - **** Starting TC_003_LoginDDT *****
2025-07-20 10:24:49 INFO  TC_003_LoginDDT:26 - **** Starting TC_003_LoginDDT *****
2025-07-20 10:25:00 INFO  TC_003_LoginDDT:76 - **** Finished TC_003_LoginDDT *****
2025-07-20 10:25:00 INFO  TC_003_LoginDDT:26 - **** Starting TC_003_LoginDDT *****
2025-07-20 10:25:06 INFO  TC_003_LoginDDT:76 - **** Finished TC_003_LoginDDT *****
2025-07-20 10:25:56 DEBUG TestNG:82 - suiteXmlPath: "C:\Users\TEJENDRA\eclipse-workspace\OpencartV121\master.xml"
2025-07-20 10:26:03 INFO  TC001_AccountRegistrationTest:15 - ***** Starting TC001_AccountRegistrationTest  ****
2025-07-20 10:26:03 DEBUG TC001_AccountRegistrationTest:16 - This is a debug log message
2025-07-20 10:26:04 INFO  TC001_AccountRegistrationTest:21 - Clicked on MyAccount Link.. 
2025-07-20 10:26:05 INFO  TC001_AccountRegistrationTest:24 - Clicked on Register Link.. 
2025-07-20 10:26:05 INFO  TC001_AccountRegistrationTest:28 - Providing customer details...
2025-07-20 10:26:06 INFO  TC001_AccountRegistrationTest:42 - Validating expected message..
2025-07-20 10:26:06 INFO  TC001_AccountRegistrationTest:47 - Test passed
2025-07-20 10:26:06 INFO  TC001_AccountRegistrationTest:56 - ***** Finished TC001_AccountRegistrationTest *****
2025-07-20 10:26:09 INFO  TC_002_LoginTest:17 - **** Starting TC_002_LoginTest  ****
2025-07-20 10:26:09 DEBUG TC_002_LoginTest:18 - capturing application debug logs....
2025-07-20 10:26:10 INFO  TC_002_LoginTest:24 - clicked on myaccount link on the home page..
2025-07-20 10:26:10 INFO  TC_002_LoginTest:26 - clicked on login link under myaccount..
2025-07-20 10:26:10 INFO  TC_002_LoginTest:30 - Entering valid email and password..
2025-07-20 10:26:11 INFO  TC_002_LoginTest:34 - clicked on ligin button..
2025-07-20 10:28:15 DEBUG TestNG:82 - suiteXmlPath: "C:\Users\TEJENDRA\eclipse-workspace\OpencartV121\master.xml"
2025-07-20 10:28:15 INFO  Utils:112 - [TestNG] Running:
  C:\Users\TEJENDRA\eclipse-workspace\OpencartV121\master.xml

2025-07-20 10:28:21 INFO  TC001_AccountRegistrationTest:15 - ***** Starting TC001_AccountRegistrationTest  ****
2025-07-20 10:28:21 DEBUG TC001_AccountRegistrationTest:16 - This is a debug log message
2025-07-20 10:28:21 INFO  TC001_AccountRegistrationTest:21 - Clicked on MyAccount Link.. 
2025-07-20 10:28:21 INFO  TC001_AccountRegistrationTest:24 - Clicked on Register Link.. 
2025-07-20 10:28:21 INFO  TC001_AccountRegistrationTest:28 - Providing customer details...
2025-07-20 10:28:23 INFO  TC001_AccountRegistrationTest:42 - Validating expected message..
2025-07-20 10:28:23 INFO  TC001_AccountRegistrationTest:47 - Test passed
2025-07-20 10:28:23 INFO  TC001_AccountRegistrationTest:56 - ***** Finished TC001_AccountRegistrationTest *****
2025-07-20 10:28:27 INFO  TC_002_LoginTest:17 - **** Starting TC_002_LoginTest  ****
2025-07-20 10:28:27 DEBUG TC_002_LoginTest:18 - capturing application debug logs....
2025-07-20 10:28:27 INFO  TC_002_LoginTest:24 - clicked on myaccount link on the home page..
2025-07-20 10:28:27 INFO  TC_002_LoginTest:26 - clicked on login link under myaccount..
2025-07-20 10:28:27 INFO  TC_002_LoginTest:30 - Entering valid email and password..
2025-07-20 10:28:28 INFO  TC_002_LoginTest:34 - clicked on ligin button..
2025-07-20 10:31:49 DEBUG TestNG:82 - suiteXmlPath: "C:\Users\TEJENDRA\eclipse-workspace\OpencartV121\master.xml"
2025-07-20 10:31:50 INFO  Utils:112 - [TestNG] Running:
  C:\Users\TEJENDRA\eclipse-workspace\OpencartV121\master.xml

2025-07-20 10:31:54 INFO  TC001_AccountRegistrationTest:15 - ***** Starting TC001_AccountRegistrationTest  ****
2025-07-20 10:31:54 DEBUG TC001_AccountRegistrationTest:16 - This is a debug log message
2025-07-20 10:31:55 INFO  TC001_AccountRegistrationTest:21 - Clicked on MyAccount Link.. 
2025-07-20 10:31:55 INFO  TC001_AccountRegistrationTest:24 - Clicked on Register Link.. 
2025-07-20 10:31:55 INFO  TC001_AccountRegistrationTest:28 - Providing customer details...
2025-07-20 10:31:57 INFO  TC001_AccountRegistrationTest:42 - Validating expected message..
2025-07-20 10:31:57 INFO  TC001_AccountRegistrationTest:47 - Test passed
2025-07-20 10:31:57 INFO  TC001_AccountRegistrationTest:56 - ***** Finished TC001_AccountRegistrationTest *****
2025-07-20 10:31:59 INFO  TC_002_LoginTest:17 - **** Starting TC_002_LoginTest  ****
2025-07-20 10:31:59 DEBUG TC_002_LoginTest:18 - capturing application debug logs....
2025-07-20 10:32:00 INFO  TC_002_LoginTest:24 - clicked on myaccount link on the home page..
2025-07-20 10:32:00 INFO  TC_002_LoginTest:26 - clicked on login link under myaccount..
2025-07-20 10:32:00 INFO  TC_002_LoginTest:30 - Entering valid email and password..
2025-07-20 10:32:00 INFO  TC_002_LoginTest:34 - clicked on ligin button..
2025-07-20 10:32:01 INFO  TC_002_LoginTest:48 - **** Finished TC_002_LoginTest  ****
2025-07-20 10:32:36 DEBUG TestNG:82 - suiteXmlPath: "C:\Users\TEJENDRA\eclipse-workspace\OpencartV121\master.xml"
2025-07-20 10:32:44 INFO  TC001_AccountRegistrationTest:15 - ***** Starting TC001_AccountRegistrationTest  ****
2025-07-20 10:32:44 DEBUG TC001_AccountRegistrationTest:16 - This is a debug log message
2025-07-20 10:32:44 INFO  TC001_AccountRegistrationTest:21 - Clicked on MyAccount Link.. 
2025-07-20 10:32:45 INFO  TC001_AccountRegistrationTest:24 - Clicked on Register Link.. 
2025-07-20 10:32:45 INFO  TC001_AccountRegistrationTest:28 - Providing customer details...
2025-07-20 10:32:46 INFO  TC001_AccountRegistrationTest:42 - Validating expected message..
2025-07-20 10:32:46 INFO  TC001_AccountRegistrationTest:47 - Test passed
2025-07-20 10:32:46 INFO  TC001_AccountRegistrationTest:56 - ***** Finished TC001_AccountRegistrationTest *****
2025-07-20 10:32:49 INFO  TC_002_LoginTest:17 - **** Starting TC_002_LoginTest  ****
2025-07-20 10:32:49 DEBUG TC_002_LoginTest:18 - capturing application debug logs....
2025-07-20 10:32:50 INFO  TC_002_LoginTest:24 - clicked on myaccount link on the home page..
2025-07-20 10:32:50 INFO  TC_002_LoginTest:26 - clicked on login link under myaccount..
2025-07-20 10:32:50 INFO  TC_002_LoginTest:30 - Entering valid email and password..
2025-07-20 10:32:51 INFO  TC_002_LoginTest:34 - clicked on ligin button..
2025-07-20 10:32:51 INFO  TC_002_LoginTest:48 - **** Finished TC_002_LoginTest  ****
2025-07-20 11:37:22 DEBUG TestNG:82 - suiteXmlPath: "C:\Users\TEJENDRA\eclipse-workspace\OpencartV121\master.xml"
2025-07-20 11:37:29 INFO  TC001_AccountRegistrationTest:15 - ***** Starting TC001_AccountRegistrationTest  ****
2025-07-20 11:37:29 DEBUG TC001_AccountRegistrationTest:16 - This is a debug log message
2025-07-20 11:37:29 INFO  TC001_AccountRegistrationTest:21 - Clicked on MyAccount Link.. 
2025-07-20 11:37:30 INFO  TC001_AccountRegistrationTest:24 - Clicked on Register Link.. 
2025-07-20 11:37:30 INFO  TC001_AccountRegistrationTest:28 - Providing customer details...
2025-07-20 11:37:32 INFO  TC001_AccountRegistrationTest:42 - Validating expected message..
2025-07-20 11:37:32 INFO  TC001_AccountRegistrationTest:47 - Test passed
2025-07-20 11:37:32 INFO  TC001_AccountRegistrationTest:56 - ***** Finished TC001_AccountRegistrationTest *****
2025-07-20 11:37:36 INFO  TC_002_LoginTest:17 - **** Starting TC_002_LoginTest  ****
2025-07-20 11:37:36 DEBUG TC_002_LoginTest:18 - capturing application debug logs....
2025-07-20 11:37:36 INFO  TC_002_LoginTest:24 - clicked on myaccount link on the home page..
2025-07-20 11:37:36 INFO  TC_002_LoginTest:26 - clicked on login link under myaccount..
2025-07-20 11:37:36 INFO  TC_002_LoginTest:30 - Entering valid email and password..
2025-07-20 11:37:37 INFO  TC_002_LoginTest:34 - clicked on ligin button..
2025-07-20 11:37:38 INFO  TC_002_LoginTest:48 - **** Finished TC_002_LoginTest  ****
